2019-05-29 15:22:21 FATAL controller:41 - Account: khoand
2019-05-29 15:22:21 FATAL controller:42 - FirstName: khoa
2019-05-29 15:22:21 FATAL controller:43 - LastName: khoa
2019-05-29 15:22:21 FATAL controller:44 - Email: khoand
2019-05-29 15:52:14 FATAL controller:41 - Account: datnk01
2019-05-29 15:52:14 FATAL controller:42 - FirstName: khoa
2019-05-29 15:52:14 FATAL controller:43 - LastName: khoa
2019-05-29 15:52:14 FATAL controller:44 - Email: datnk97
2019-05-29 15:53:59 FATAL controller:41 - Account: datnk01
2019-05-29 15:53:59 FATAL controller:42 - FirstName: khoa
2019-05-29 15:53:59 FATAL controller:43 - LastName: 
2019-05-29 15:53:59 FATAL controller:44 - Email: 
2019-05-29 16:06:03 FATAL controller:41 - Account: datnk01
2019-05-29 16:06:03 FATAL controller:42 - FirstName: 
2019-05-29 16:06:03 FATAL controller:43 - LastName: 
2019-05-29 16:06:03 FATAL controller:44 - Email: 
2019-05-29 16:11:21 FATAL controller:41 - Account: datnk01
2019-05-29 16:11:21 FATAL controller:42 - FirstName: 
2019-05-29 16:11:21 FATAL controller:43 - LastName: 
2019-05-29 16:11:21 FATAL controller:44 - Email: 
2019-05-30 10:15:32 FATAL controller:41 - Account: khoand
2019-05-30 10:15:32 FATAL controller:42 - FirstName: khoa
2019-05-30 10:15:32 FATAL controller:43 - LastName: khoa
2019-05-30 10:15:32 FATAL controller:44 - Email: dat01@gmais
2019-05-30 10:25:15 FATAL controller:41 - Account: datnk01
2019-05-30 10:25:15 FATAL controller:42 - FirstName: 
2019-05-30 10:25:15 FATAL controller:43 - LastName: 
2019-05-30 10:25:15 FATAL controller:44 - Email: 
2019-05-30 10:54:14 FATAL controller:41 - Account: khoand
2019-05-30 10:54:14 FATAL controller:42 - FirstName: 
2019-05-30 10:54:14 FATAL controller:43 - LastName: 
2019-05-30 10:54:14 FATAL controller:44 - Email: 
2019-05-30 10:57:55 FATAL controller:41 - Account: datnk01
2019-05-30 10:57:55 FATAL controller:42 - FirstName: 
2019-05-30 10:57:55 FATAL controller:43 - LastName: 
2019-05-30 10:57:55 FATAL controller:44 - Email: 
2019-05-30 14:17:27 FATAL controller:43 - Account: datnk01
2019-05-30 14:17:27 FATAL controller:44 - FirstName: 
2019-05-30 14:17:27 FATAL controller:45 - LastName: 
2019-05-30 14:17:27 FATAL controller:46 - Email: 
2019-05-30 14:20:20 FATAL controller:44 - Account: khoand
2019-05-30 14:20:20 FATAL controller:45 - FirstName: 
2019-05-30 14:20:20 FATAL controller:46 - LastName: 
2019-05-30 14:20:20 FATAL controller:47 - Email: 
2019-06-11 10:08:12 FATAL controller:44 - Account: khoand
2019-06-11 10:08:12 FATAL controller:45 - FirstName: 
2019-06-11 10:08:12 FATAL controller:46 - LastName: 
2019-06-11 10:08:12 FATAL controller:47 - Email: 
